#
# There is insufficient memory for the Java Runtime Environment to continue.
# Native memory allocation (malloc) failed to allocate 174063616 bytes for committing reserved memory.
# Possible reasons:
#   The system is out of physical RAM or swap space
#   In 32 bit mode, the process size limit was hit
# Possible solutions:
#   Reduce memory load on the system
#   Increase physical memory or swap space
#   Check if swap backing store is full
#   Use 64 bit Java on a 64 bit OS
#   Decrease Java heap size (-Xmx/-Xms)
#   Decrease number of Java threads
#   Decrease Java thread stack sizes (-Xss)
#   Set larger code cache with -XX:ReservedCodeCacheSize=
# This output file may be truncated or incomplete.
#
#  Out of Memory Error (os_linux.cpp:2756), pid=19876, tid=140413391763200
#
# JRE version: Java(TM) SE Runtime Environment (7.0_80-b15) (build 1.7.0_80-b15)
# Java VM: Java HotSpot(TM) 64-Bit Server VM (24.80-b11 mixed mode linux-amd64 compressed oops)
# Failed to write core dump. Core dumps have been disabled. To enable core dumping, try "ulimit -c unlimited" before starting Java again
#

---------------  T H R E A D  ---------------

Current thread (0x00007fb490065800):  VMThread [stack: 0x00007fb48a467000,0x00007fb48a568000] [id=19883]

Stack: [0x00007fb48a467000,0x00007fb48a568000],  sp=0x00007fb48a5660e0,  free space=1020k
Native frames: (J=compiled Java code, j=interpreted, Vv=VM code, C=native code)
V  [libjvm.so+0x9a320a]  VMError::report_and_die()+0x2ea
V  [libjvm.so+0x498d3b]  report_vm_out_of_memory(char const*, int, unsigned long, char const*)+0x9b
V  [libjvm.so+0x82191e]  os::Linux::commit_memory_impl(char*, unsigned long, bool)+0xfe
V  [libjvm.so+0x821e69]  os::pd_commit_memory(char*, unsigned long, unsigned long, bool)+0x29
V  [libjvm.so+0x81bb6a]  os::commit_memory(char*, unsigned long, unsigned long, bool)+0x2a
V  [libjvm.so+0x88d623]  PSVirtualSpace::expand_by(unsigned long)+0x53
V  [libjvm.so+0x87ca80]  PSOldGen::expand(unsigned long)+0x170
V  [libjvm.so+0x87cc8b]  PSOldGen::resize(unsigned long)+0x1cb
V  [libjvm.so+0x885951]  PSParallelCompact::invoke_no_policy(bool)+0x9b1
V  [libjvm.so+0x88b8cd]  PSScavenge::invoke()+0x1ad
V  [libjvm.so+0x843f40]  ParallelScavengeHeap::failed_mem_allocate(unsigned long)+0x70
V  [libjvm.so+0x9a4a97]  VM_ParallelGCFailedAllocation::doit()+0x97
V  [libjvm.so+0x9abf35]  VM_Operation::evaluate()+0x55
V  [libjvm.so+0x9aa2fa]  VMThread::evaluate_operation(VM_Operation*)+0xba
V  [libjvm.so+0x9aa67e]  VMThread::loop()+0x1ce
V  [libjvm.so+0x9aaaf0]  VMThread::run()+0x70
V  [libjvm.so+0x8238c8]  java_start(Thread*)+0x108

VM_Operation (0x00007fb488f46070): ParallelGCFailedAllocation, mode: safepoint, requested by thread 0x00007fb49014c800


---------------  P R O C E S S  ---------------

Java Threads: ( => current thread )
  0x00007fb49014c800 JavaThread "pool-2-thread-4" [_thread_blocked, id=19895, stack(0x00007fb488e47000,0x00007fb488f48000)]
  0x00007fb49014b000 JavaThread "pool-2-thread-3" [_thread_blocked, id=19894, stack(0x00007fb488f48000,0x00007fb489049000)]
  0x00007fb490149000 JavaThread "pool-2-thread-2" [_thread_blocked, id=19893, stack(0x00007fb489049000,0x00007fb48914a000)]
  0x00007fb490145800 JavaThread "pool-3-thread-1" [_thread_blocked, id=19892, stack(0x00007fb48914a000,0x00007fb48924b000)]
  0x00007fb490144000 JavaThread "pool-2-thread-1" [_thread_blocked, id=19891, stack(0x00007fb48924b000,0x00007fb48934c000)]
  0x00007fb490096000 JavaThread "Service Thread" daemon [_thread_blocked, id=19889, stack(0x00007fb489b96000,0x00007fb489c97000)]
  0x00007fb490093800 JavaThread "C2 CompilerThread1" daemon [_thread_blocked, id=19888, stack(0x00007fb489c97000,0x00007fb489d98000)]
  0x00007fb490090800 JavaThread "C2 CompilerThread0" daemon [_thread_blocked, id=19887, stack(0x00007fb489d98000,0x00007fb489e99000)]
  0x00007fb49008e800 JavaThread "Signal Dispatcher" daemon [_thread_blocked, id=19886, stack(0x00007fb489e99000,0x00007fb489f9a000)]
  0x00007fb49006c000 JavaThread "Finalizer" daemon [_thread_blocked, id=19885, stack(0x00007fb48a265000,0x00007fb48a366000)]
  0x00007fb49006a000 JavaThread "Reference Handler" daemon [_thread_blocked, id=19884, stack(0x00007fb48a366000,0x00007fb48a467000)]
  0x00007fb49000a000 JavaThread "main" [_thread_blocked, id=19878, stack(0x00007fb497963000,0x00007fb497a64000)]

Other Threads:
=>0x00007fb490065800 VMThread [stack: 0x00007fb48a467000,0x00007fb48a568000] [id=19883]
  0x00007fb4900a0800 WatcherThread [stack: 0x00007fb489a95000,0x00007fb489b96000] [id=19890]

VM state:at safepoint (normal execution)

VM Mutex/Monitor currently owned by a thread:  ([mutex/lock_event])
[0x00007fb490006040] ExpandHeap_lock - owner thread: 0x00007fb490065800
[0x00007fb4900066c0] Threads_lock - owner thread: 0x00007fb490065800
[0x00007fb490006bc0] Heap_lock - owner thread: 0x00007fb49014c800

Heap
 PSYoungGen      total 233472K, used 0K [0x00000000eaa80000, 0x0000000100000000, 0x0000000100000000)
  eden space 117248K, 0% used [0x00000000eaa80000,0x00000000eaa80000,0x00000000f1d00000)
  from space 116224K, 0% used [0x00000000f1d00000,0x00000000f1d00000,0x00000000f8e80000)
  to   space 112640K, 0% used [0x00000000f9200000,0x00000000f9200000,0x0000000100000000)
 ParOldGen       total 306688K, used 258775K [0x00000000c0000000, 0x00000000d2b80000, 0x00000000eaa80000)
  object space 306688K, 84% used [0x00000000c0000000,0x00000000cfcb5e60,0x00000000d2b80000)
 PSPermGen       total 21504K, used 5919K [0x00000000bae00000, 0x00000000bc300000, 0x00000000c0000000)
  object space 21504K, 27% used [0x00000000bae00000,0x00000000bb3c7ea8,0x00000000bc300000)

Card table byte_map: [0x00007fb494a1b000,0x00007fb494c45000] byte_map_base: 0x00007fb494444000

Polling page: 0x00007fb497a7c000

Code Cache  [0x00007fb48d000000, 0x00007fb48d2a0000, 0x00007fb490000000)
 total_blobs=827 nmethods=599 adapters=182 free_code_cache=46541Kb largest_free_block=47586432

Compilation events (10 events):
Event: 42,228 Thread 0x00007fb490090800 nmethod 613 0x00007fb48d1be050 code [0x00007fb48d1be180, 0x00007fb48d1be1f8]
Event: 42,228 Thread 0x00007fb490090800  614             com.android.dx.rop.type.Type::isReference (15 bytes)
Event: 42,229 Thread 0x00007fb490090800 nmethod 614 0x00007fb48d1c5090 code [0x00007fb48d1c51c0, 0x00007fb48d1c5218]
Event: 42,229 Thread 0x00007fb490090800  615             com.android.dx.ssa.BasicRegisterMapper::oldToNew (22 bytes)
Event: 42,230 Thread 0x00007fb490090800 nmethod 615 0x00007fb48d1c4d90 code [0x00007fb48d1c4ee0, 0x00007fb48d1c4f98]
Event: 42,230 Thread 0x00007fb490090800  616             com.android.dx.ssa.InterferenceRegisterMapper::areAnyPinned (81 bytes)
Event: 42,290 Thread 0x00007fb490090800 nmethod 616 0x00007fb48d1c43d0 code [0x00007fb48d1c4540, 0x00007fb48d1c4938]
Event: 42,290 Thread 0x00007fb490090800  617             com.android.dx.ssa.back.RegisterAllocator::insertMoveBefore (240 bytes)
Event: 43,339 Thread 0x00007fb490093800 nmethod 598 0x00007fb48d292290 code [0x00007fb48d292980, 0x00007fb48d297d80]
Event: 43,339 Thread 0x00007fb490093800  618             com.android.dx.ssa.NormalSsaInsn::changeOneSource (120 bytes)

GC Heap History (10 events):
Event: 32,642 GC heap after
Heap after GC invocations=13 (full 3):
 PSYoungGen      total 238592K, used 66027K [0x00000000eaa80000, 0x0000000100000000, 0x0000000100000000)
  eden space 172544K, 0% used [0x00000000eaa80000,0x00000000eaa80000,0x00000000f5300000)
  from space 66048K, 99% used [0x00000000fa800000,0x00000000fe87aff0,0x00000000fe880000)
  to   space 87040K, 0% used [0x00000000f5300000,0x00000000f5300000,0x00000000fa800000)
 ParOldGen       total 272896K, used 166940K [0x00000000c0000000, 0x00000000d0a80000, 0x00000000eaa80000)
  object space 272896K, 61% used [0x00000000c0000000,0x00000000ca307170,0x00000000d0a80000)
 PSPermGen       total 21504K, used 5910K [0x00000000bae00000, 0x00000000bc300000, 0x00000000c0000000)
  object space 21504K, 27% used [0x00000000bae00000,0x00000000bb3c5920,0x00000000bc300000)
}
Event: 38,478 GC heap before
{Heap before GC invocations=14 (full 3):
 PSYoungGen      total 238592K, used 238571K [0x00000000eaa80000, 0x0000000100000000, 0x0000000100000000)
  eden space 172544K, 100% used [0x00000000eaa80000,0x00000000f5300000,0x00000000f5300000)
  from space 66048K, 99% used [0x00000000fa800000,0x00000000fe87aff0,0x00000000fe880000)
  to   space 87040K, 0% used [0x00000000f5300000,0x00000000f5300000,0x00000000fa800000)
 ParOldGen       total 272896K, used 166940K [0x00000000c0000000, 0x00000000d0a80000, 0x00000000eaa80000)
  object space 272896K, 61% used [0x00000000c0000000,0x00000000ca307170,0x00000000d0a80000)
 PSPermGen       total 21504K, used 5920K [0x00000000bae00000, 0x00000000bc300000, 0x00000000c0000000)
  object space 21504K, 27% used [0x00000000bae00000,0x00000000bb3c8028,0x00000000bc300000)
Event: 39,340 GC heap after
Heap after GC invocations=14 (full 3):
 PSYoungGen      total 255488K, used 82608K [0x00000000eaa80000, 0x0000000100000000, 0x0000000100000000)
  eden space 172544K, 0% used [0x00000000eaa80000,0x00000000eaa80000,0x00000000f5300000)
  from space 82944K, 99% used [0x00000000f5300000,0x00000000fa3ac0f0,0x00000000fa400000)
  to   space 94208K, 0% used [0x00000000fa400000,0x00000000fa400000,0x0000000100000000)
 ParOldGen       total 272896K, used 228369K [0x00000000c0000000, 0x00000000d0a80000, 0x00000000eaa80000)
  object space 272896K, 83% used [0x00000000c0000000,0x00000000cdf04690,0x00000000d0a80000)
 PSPermGen       total 21504K, used 5920K [0x00000000bae00000, 0x00000000bc300000, 0x00000000c0000000)
  object space 21504K, 27% used [0x00000000bae00000,0x00000000bb3c8028,0x00000000bc300000)
}
Event: 39,340 GC heap before
{Heap before GC invocations=15 (full 4):
 PSYoungGen      total 255488K, used 82608K [0x00000000eaa80000, 0x0000000100000000, 0x0000000100000000)
  eden space 172544K, 0% used [0x00000000eaa80000,0x00000000eaa80000,0x00000000f5300000)
  from space 82944K, 99% used [0x00000000f5300000,0x00000000fa3ac0f0,0x00000000fa400000)
  to   space 94208K, 0% used [0x00000000fa400000,0x00000000fa400000,0x0000000100000000)
 ParOldGen       total 272896K, used 228369K [0x00000000c0000000, 0x00000000d0a80000, 0x00000000eaa80000)
  object space 272896K, 83% used [0x00000000c0000000,0x00000000cdf04690,0x00000000d0a80000)
 PSPermGen       total 21504K, used 5920K [0x00000000bae00000, 0x00000000bc300000, 0x00000000c0000000)
  object space 21504K, 27% used [0x00000000bae00000,0x00000000bb3c8028,0x00000000bc300000)
Event: 40,586 GC heap after
Heap after GC invocations=15 (full 4):
 PSYoungGen      total 255488K, used 0K [0x00000000eaa80000, 0x0000000100000000, 0x0000000100000000)
  eden space 172544K, 0% used [0x00000000eaa80000,0x00000000eaa80000,0x00000000f5300000)
  from space 82944K, 0% used [0x00000000f5300000,0x00000000f5300000,0x00000000fa400000)
  to   space 94208K, 0% used [0x00000000fa400000,0x00000000fa400000,0x0000000100000000)
 ParOldGen       total 306688K, used 143817K [0x00000000c0000000, 0x00000000d2b80000, 0x00000000eaa80000)
  object space 306688K, 46% used [0x00000000c0000000,0x00000000c8c726c0,0x00000000d2b80000)
 PSPermGen       total 21504K, used 5919K [0x00000000bae00000, 0x00000000bc300000, 0x00000000c0000000)
  object space 21504K, 27% used [0x00000000bae00000,0x00000000bb3c7e88,0x00000000bc300000)
}
Event: 40,886 GC heap before
{Heap before GC invocations=16 (full 4):
 PSYoungGen      total 255488K, used 172544K [0x00000000eaa80000, 0x0000000100000000, 0x0000000100000000)
  eden space 172544K, 100% used [0x00000000eaa80000,0x00000000f5300000,0x00000000f5300000)
  from space 82944K, 0% used [0x00000000f5300000,0x00000000f5300000,0x00000000fa400000)
  to   space 94208K, 0% used [0x00000000fa400000,0x00000000fa400000,0x0000000100000000)
 ParOldGen       total 306688K, used 143817K [0x00000000c0000000, 0x00000000d2b80000, 0x00000000eaa80000)
  object space 306688K, 46% used [0x00000000c0000000,0x00000000c8c726c0,0x00000000d2b80000)
 PSPermGen       total 21504K, used 5919K [0x00000000bae00000, 0x00000000bc300000, 0x00000000c0000000)
  object space 21504K, 27% used [0x00000000bae00000,0x00000000bb3c7ea8,0x00000000bc300000)
Event: 41,122 GC heap after
Heap after GC invocations=16 (full 4):
 PSYoungGen      total 211456K, used 94192K [0x00000000eaa80000, 0x0000000100000000, 0x0000000100000000)
  eden space 117248K, 0% used [0x00000000eaa80000,0x00000000eaa80000,0x00000000f1d00000)
  from space 94208K, 99% used [0x00000000fa400000,0x00000000ffffc148,0x0000000100000000)
  to   space 116224K, 0% used [0x00000000f1d00000,0x00000000f1d00000,0x00000000f8e80000)
 ParOldGen       total 306688K, used 148217K [0x00000000c0000000, 0x00000000d2b80000, 0x00000000eaa80000)
  object space 306688K, 48% used [0x00000000c0000000,0x00000000c90be6c0,0x00000000d2b80000)
 PSPermGen       total 21504K, used 5919K [0x00000000bae00000, 0x00000000bc300000, 0x00000000c0000000)
  object space 21504K, 27% used [0x00000000bae00000,0x00000000bb3c7ea8,0x00000000bc300000)
}
Event: 43,423 GC heap before
{Heap before GC invocations=17 (full 4):
 PSYoungGen      total 211456K, used 211440K [0x00000000eaa80000, 0x0000000100000000, 0x0000000100000000)
  eden space 117248K, 100% used [0x00000000eaa80000,0x00000000f1d00000,0x00000000f1d00000)
  from space 94208K, 99% used [0x00000000fa400000,0x00000000ffffc148,0x0000000100000000)
  to   space 116224K, 0% used [0x00000000f1d00000,0x00000000f1d00000,0x00000000f8e80000)
 ParOldGen       total 306688K, used 148217K [0x00000000c0000000, 0x00000000d2b80000, 0x00000000eaa80000)
  object space 306688K, 48% used [0x00000000c0000000,0x00000000c90be6c0,0x00000000d2b80000)
 PSPermGen       total 21504K, used 5919K [0x00000000bae00000, 0x00000000bc300000, 0x00000000c0000000)
  object space 21504K, 27% used [0x00000000bae00000,0x00000000bb3c7ea8,0x00000000bc300000)
Event: 43,857 GC heap after
Heap after GC invocations=17 (full 4):
 PSYoungGen      total 233472K, used 25830K [0x00000000eaa80000, 0x0000000100000000, 0x0000000100000000)
  eden space 117248K, 0% used [0x00000000eaa80000,0x00000000eaa80000,0x00000000f1d00000)
  from space 116224K, 22% used [0x00000000f1d00000,0x00000000f3639aa0,0x00000000f8e80000)
  to   space 112640K, 0% used [0x00000000f9200000,0x00000000f9200000,0x0000000100000000)
 ParOldGen       total 306688K, used 244786K [0x00000000c0000000, 0x00000000d2b80000, 0x00000000eaa80000)
  object space 306688K, 79% used [0x00000000c0000000,0x00000000cef0c858,0x00000000d2b80000)
 PSPermGen       total 21504K, used 5919K [0x00000000bae00000, 0x00000000bc300000, 0x00000000c0000000)
  object space 21504K, 27% used [0x00000000bae00000,0x00000000bb3c7ea8,0x00000000bc300000)
}
Event: 43,857 GC heap before
{Heap before GC invocations=18 (full 5):
 PSYoungGen      total 233472K, used 25830K [0x00000000eaa80000, 0x0000000100000000, 0x0000000100000000)
  eden space 117248K, 0% used [0x00000000eaa80000,0x00000000eaa80000,0x00000000f1d00000)
  from space 116224K, 22% used [0x00000000f1d00000,0x00000000f3639aa0,0x00000000f8e80000)
  to   space 112640K, 0% used [0x00000000f9200000,0x00000000f9200000,0x0000000100000000)
 ParOldGen       total 306688K, used 244786K [0x00000000c0000000, 0x00000000d2b80000, 0x00000000eaa80000)
  object space 306688K, 79% used [0x00000000c0000000,0x00000000cef0c858,0x00000000d2b80000)
 PSPermGen       total 21504K, used 5919K [0x00000000bae00000, 0x00000000bc300000, 0x00000000c0000000)
  object space 21504K, 27% used [0x00000000bae00000,0x00000000bb3c7ea8,0x00000000bc300000)

Deoptimization events (10 events):
Event: 30,987 Thread 0x00007fb490149000 Uncommon trap: reason=class_check action=maybe_recompile pc=0x00007fb48d176d1c method=com.android.dx.ssa.back.InterferenceGraph.add(II)V @ 19
Event: 30,987 Thread 0x00007fb490149000 Uncommon trap: reason=class_check action=maybe_recompile pc=0x00007fb48d176d1c method=com.android.dx.ssa.back.InterferenceGraph.add(II)V @ 19
Event: 30,987 Thread 0x00007fb490149000 Uncommon trap: reason=class_check action=maybe_recompile pc=0x00007fb48d176d1c method=com.android.dx.ssa.back.InterferenceGraph.add(II)V @ 19
Event: 30,987 Thread 0x00007fb490149000 Uncommon trap: reason=class_check action=maybe_recompile pc=0x00007fb48d176d1c method=com.android.dx.ssa.back.InterferenceGraph.add(II)V @ 19
Event: 33,014 Thread 0x00007fb49000a000 Uncommon trap: reason=class_check action=maybe_recompile pc=0x00007fb48d168b94 method=com.android.dx.ssa.back.InterferenceGraph.mergeInterferenceSet(ILcom/android/dx/util/IntSet;)V @ 20
Event: 33,026 Thread 0x00007fb490149000 Uncommon trap: reason=class_check action=maybe_recompile pc=0x00007fb48d168b94 method=com.android.dx.ssa.back.InterferenceGraph.mergeInterferenceSet(ILcom/android/dx/util/IntSet;)V @ 20
Event: 33,104 Thread 0x00007fb490149000 Uncommon trap: reason=class_check action=maybe_recompile pc=0x00007fb48d1c1150 method=com.android.dx.ssa.back.InterferenceGraph.mergeInterferenceSet(ILcom/android/dx/util/IntSet;)V @ 20
Event: 33,139 Thread 0x00007fb49000a000 Uncommon trap: reason=class_check action=maybe_recompile pc=0x00007fb48d1c1150 method=com.android.dx.ssa.back.InterferenceGraph.mergeInterferenceSet(ILcom/android/dx/util/IntSet;)V @ 20
Event: 33,289 Thread 0x00007fb490144000 Uncommon trap: reason=class_check action=maybe_recompile pc=0x00007fb48d168b94 method=com.android.dx.ssa.back.InterferenceGraph.mergeInterferenceSet(ILcom/android/dx/util/IntSet;)V @ 20
Event: 34,900 Thread 0x00007fb49000a000 Uncommon trap: reason=null_check action=make_not_entrant pc=0x00007fb48d20c1c8 method=com.android.dx.rop.cst.CstType.intern(Lcom/android/dx/rop/type/Type;)Lcom/android/dx/rop/cst/CstType; @ 13

Internal exceptions (10 events):
Event: 3,461 Thread 0x00007fb490149000 Threw 0x00000000eb95feb0 at /HUDSON/workspace/7u-2-build-linux-amd64/jdk7u80/2329/hotspot/src/share/vm/prims/jvm.cpp:1319
Event: 3,662 Thread 0x00007fb49014b000 Implicit null exception at 0x00007fb48d086692 to 0x00007fb48d086732
Event: 5,551 Thread 0x00007fb49014c800 Threw 0x00000000eb81fe50 at /HUDSON/workspace/7u-2-build-linux-amd64/jdk7u80/2329/hotspot/src/share/vm/prims/jvm.cpp:1319
Event: 7,183 Thread 0x00007fb49000a000 Implicit null exception at 0x00007fb48d0c9243 to 0x00007fb48d0c9925
Event: 8,396 Thread 0x00007fb49014c800 Threw 0x00000000ecb6f1d8 at /HUDSON/workspace/7u-2-build-linux-amd64/jdk7u80/2329/hotspot/src/share/vm/prims/jvm.cpp:1319
Event: 9,069 Thread 0x00007fb490149000 Threw 0x00000000ed8c7018 at /HUDSON/workspace/7u-2-build-linux-amd64/jdk7u80/2329/hotspot/src/share/vm/prims/jvm.cpp:1319
Event: 30,232 Thread 0x00007fb49000a000 Threw 0x00000000f0832108 at /HUDSON/workspace/7u-2-build-linux-amd64/jdk7u80/2329/hotspot/src/share/vm/prims/jvm.cpp:1319
Event: 30,289 Thread 0x00007fb49000a000 Threw 0x00000000f0cdd0f0 at /HUDSON/workspace/7u-2-build-linux-amd64/jdk7u80/2329/hotspot/src/share/vm/prims/jvm.cpp:1319
Event: 34,806 Thread 0x00007fb49000a000 Threw 0x00000000f011c498 at /HUDSON/workspace/7u-2-build-linux-amd64/jdk7u80/2329/hotspot/src/share/vm/prims/jvm.cpp:1319
Event: 34,900 Thread 0x00007fb49000a000 Implicit null exception at 0x00007fb48d208f6b to 0x00007fb48d20c1b5

Events (10 events):
Event: 38,197 Thread 0x00007fb490093800 flushing nmethod 0x00007fb48d0dbcd0
Event: 38,197 Thread 0x00007fb490093800 flushing nmethod 0x00007fb48d0e24d0
Event: 38,282 Thread 0x00007fb490093800 flushing nmethod 0x00007fb48d1766d0
Event: 38,471 Executing VM operation: ParallelGCFailedAllocation
Event: 40,586 Executing VM operation: ParallelGCFailedAllocation done
Event: 40,624 Thread 0x00007fb490093800 flushing nmethod 0x00007fb48d166ad0
Event: 40,790 Thread 0x00007fb490090800 flushing nmethod 0x00007fb48d1bdf10
Event: 40,866 Executing VM operation: ParallelGCFailedAllocation
Event: 41,122 Executing VM operation: ParallelGCFailedAllocation done
Event: 43,414 Executing VM operation: ParallelGCFailedAllocation


Dynamic libraries:
00400000-00401000 r-xp 00000000 08:01 835677                             /usr/lib/jvm/java-7-oracle/bin/java
00600000-00601000 rw-p 00000000 08:01 835677                             /usr/lib/jvm/java-7-oracle/bin/java
011f1000-01233000 rw-p 00000000 00:00 0                                  [heap]
bae00000-bc300000 rw-p 00000000 00:00 0 
bc300000-c0000000 rw-p 00000000 00:00 0 
c0000000-d2b80000 rw-p 00000000 00:00 0 
dd180000-eaa80000 rw-p 00000000 00:00 0 
eaa80000-100000000 rw-p 00000000 00:00 0 
7fb44c000000-7fb44c021000 rw-p 00000000 00:00 0 
7fb44c021000-7fb450000000 ---p 00000000 00:00 0 
7fb454000000-7fb454021000 rw-p 00000000 00:00 0 
7fb454021000-7fb458000000 ---p 00000000 00:00 0 
7fb458000000-7fb45802e000 rw-p 00000000 00:00 0 
7fb45802e000-7fb45c000000 ---p 00000000 00:00 0 
7fb45c000000-7fb45c021000 rw-p 00000000 00:00 0 
7fb45c021000-7fb460000000 ---p 00000000 00:00 0 
7fb460000000-7fb46003a000 rw-p 00000000 00:00 0 
7fb46003a000-7fb464000000 ---p 00000000 00:00 0 
7fb464000000-7fb465a2c000 rw-p 00000000 00:00 0 
7fb465a2c000-7fb468000000 ---p 00000000 00:00 0 
7fb468000000-7fb468021000 rw-p 00000000 00:00 0 
7fb468021000-7fb46c000000 ---p 00000000 00:00 0 
7fb46c000000-7fb46c021000 rw-p 00000000 00:00 0 
7fb46c021000-7fb470000000 ---p 00000000 00:00 0 
7fb470000000-7fb471372000 rw-p 00000000 00:00 0 
7fb471372000-7fb474000000 ---p 00000000 00:00 0 
7fb474000000-7fb474021000 rw-p 00000000 00:00 0 
7fb474021000-7fb478000000 ---p 00000000 00:00 0 
7fb478000000-7fb478021000 rw-p 00000000 00:00 0 
7fb478021000-7fb47c000000 ---p 00000000 00:00 0 
7fb47c000000-7fb47c021000 rw-p 00000000 00:00 0 
7fb47c021000-7fb480000000 ---p 00000000 00:00 0 
7fb480000000-7fb48024f000 rw-p 00000000 00:00 0 
7fb48024f000-7fb484000000 ---p 00000000 00:00 0 
7fb484000000-7fb484021000 rw-p 00000000 00:00 0 
7fb484021000-7fb488000000 ---p 00000000 00:00 0 
7fb488e47000-7fb488e4a000 ---p 00000000 00:00 0 
7fb488e4a000-7fb488f48000 rw-p 00000000 00:00 0 
7fb488f48000-7fb488f4b000 ---p 00000000 00:00 0 
7fb488f4b000-7fb489049000 rw-p 00000000 00:00 0 
7fb489049000-7fb48904c000 ---p 00000000 00:00 0 
7fb48904c000-7fb48914a000 rw-p 00000000 00:00 0 
7fb48914a000-7fb48914d000 ---p 00000000 00:00 0 
7fb48914d000-7fb48924b000 rw-p 00000000 00:00 0 
7fb48924b000-7fb48924e000 ---p 00000000 00:00 0 
7fb48924e000-7fb48964d000 rw-p 00000000 00:00 0 
7fb48964d000-7fb489664000 r-xp 00000000 08:01 624269                     /usr/lib/jvm/java-7-oracle/jre/lib/amd64/libnet.so
7fb489664000-7fb489863000 ---p 00017000 08:01 624269                     /usr/lib/jvm/java-7-oracle/jre/lib/amd64/libnet.so
7fb489863000-7fb489864000 rw-p 00016000 08:01 624269                     /usr/lib/jvm/java-7-oracle/jre/lib/amd64/libnet.so
7fb489864000-7fb489874000 r-xp 00000000 08:01 624237                     /usr/lib/jvm/java-7-oracle/jre/lib/amd64/libnio.so
7fb489874000-7fb489a74000 ---p 00010000 08:01 624237                     /usr/lib/jvm/java-7-oracle/jre/lib/amd64/libnio.so
7fb489a74000-7fb489a75000 rw-p 00010000 08:01 624237                     /usr/lib/jvm/java-7-oracle/jre/lib/amd64/libnio.so
7fb489a86000-7fb489a95000 r--s 000df000 08:01 1571201                    /root/Android/Sdk/build-tools/23.0.1/lib/dx.jar
7fb489a95000-7fb489a96000 ---p 00000000 00:00 0 
7fb489a96000-7fb489b96000 rw-p 00000000 00:00 0 
7fb489b96000-7fb489b99000 ---p 00000000 00:00 0 
7fb489b99000-7fb489c97000 rw-p 00000000 00:00 0 
7fb489c97000-7fb489c9a000 ---p 00000000 00:00 0 
7fb489c9a000-7fb489d98000 rw-p 00000000 00:00 0 
7fb489d98000-7fb489d9b000 ---p 00000000 00:00 0 
7fb489d9b000-7fb489e99000 rw-p 00000000 00:00 0 
7fb489e99000-7fb489e9c000 ---p 00000000 00:00 0 
7fb489e9c000-7fb489f9a000 rw-p 00000000 00:00 0 
7fb489f9a000-7fb48a265000 r--p 00000000 08:01 492799                     /usr/lib/locale/locale-archive
7fb48a265000-7fb48a268000 ---p 00000000 00:00 0 
7fb48a268000-7fb48a366000 rw-p 00000000 00:00 0 
7fb48a366000-7fb48a369000 ---p 00000000 00:00 0 
7fb48a369000-7fb48a467000 rw-p 00000000 00:00 0 
7fb48a467000-7fb48a468000 ---p 00000000 00:00 0 
7fb48a468000-7fb48d000000 rw-p 00000000 00:00 0 
7fb48d000000-7fb48d2a0000 rwxp 00000000 00:00 0 
7fb48d2a0000-7fb49017c000 rw-p 00000000 00:00 0 
7fb49017c000-7fb494000000 ---p 00000000 00:00 0 
7fb494009000-7fb4941b8000 rw-p 00000000 00:00 0 
7fb4941b8000-7fb494378000 r--s 039fb000 08:01 616097                     /usr/lib/jvm/java-7-oracle/jre/lib/rt.jar
7fb494378000-7fb49469a000 rw-p 00000000 00:00 0 
7fb49469a000-7fb49469b000 ---p 00000000 00:00 0 
7fb49469b000-7fb49479b000 rw-p 00000000 00:00 0 
7fb49479b000-7fb49479c000 ---p 00000000 00:00 0 
7fb49479c000-7fb4948a7000 rw-p 00000000 00:00 0 
7fb4948a7000-7fb4948c5000 rw-p 00000000 00:00 0 
7fb4948c5000-7fb49495b000 rw-p 00000000 00:00 0 
7fb49495b000-7fb494a1b000 rw-p 00000000 00:00 0 
7fb494a1b000-7fb494a26000 rw-p 00000000 00:00 0 
7fb494a26000-7fb494a44000 rw-p 00000000 00:00 0 
7fb494a44000-7fb494ada000 rw-p 00000000 00:00 0 
7fb494ada000-7fb494b99000 rw-p 00000000 00:00 0 
7fb494b99000-7fb494c44000 rw-p 00000000 00:00 0 
7fb494c44000-7fb494c45000 rw-p 00000000 00:00 0 
7fb494c45000-7fb494c5c000 r-xp 00000000 08:01 624264                     /usr/lib/jvm/java-7-oracle/jre/lib/amd64/libzip.so
7fb494c5c000-7fb494e5c000 ---p 00017000 08:01 624264                     /usr/lib/jvm/java-7-oracle/jre/lib/amd64/libzip.so
7fb494e5c000-7fb494e5d000 rw-p 00017000 08:01 624264                     /usr/lib/jvm/java-7-oracle/jre/lib/amd64/libzip.so
7fb494e5d000-7fb494e67000 r-xp 00000000 08:01 1218228                    /lib/x86_64-linux-gnu/libnss_files-2.21.so
7fb494e67000-7fb495067000 ---p 0000a000 08:01 1218228                    /lib/x86_64-linux-gnu/libnss_files-2.21.so
7fb495067000-7fb495068000 r--p 0000a000 08:01 1218228                    /lib/x86_64-linux-gnu/libnss_files-2.21.so
7fb495068000-7fb495069000 rw-p 0000b000 08:01 1218228                    /lib/x86_64-linux-gnu/libnss_files-2.21.so
7fb495069000-7fb495074000 r-xp 00000000 08:01 1218278                    /lib/x86_64-linux-gnu/libnss_nis-2.21.so
7fb495074000-7fb495273000 ---p 0000b000 08:01 1218278                    /lib/x86_64-linux-gnu/libnss_nis-2.21.so
7fb495273000-7fb495274000 r--p 0000a000 08:01 1218278                    /lib/x86_64-linux-gnu/libnss_nis-2.21.so
7fb495274000-7fb495275000 rw-p 0000b000 08:01 1218278                    /lib/x86_64-linux-gnu/libnss_nis-2.21.so
7fb495275000-7fb49528c000 r-xp 00000000 08:01 1218281                    /lib/x86_64-linux-gnu/libnsl-2.21.so
7fb49528c000-7fb49548b000 ---p 00017000 08:01 1218281                    /lib/x86_64-linux-gnu/libnsl-2.21.so
7fb49548b000-7fb49548c000 r--p 00016000 08:01 1218281                    /lib/x86_64-linux-gnu/libnsl-2.21.so
7fb49548c000-7fb49548d000 rw-p 00017000 08:01 1218281                    /lib/x86_64-linux-gnu/libnsl-2.21.so
7fb49548d000-7fb49548f000 rw-p 00000000 00:00 0 
7fb49548f000-7fb495497000 r-xp 00000000 08:01 1218241                    /lib/x86_64-linux-gnu/libnss_compat-2.21.so
7fb495497000-7fb495696000 ---p 00008000 08:01 1218241                    /lib/x86_64-linux-gnu/libnss_compat-2.21.so
7fb495696000-7fb495697000 r--p 00007000 08:01 1218241                    /lib/x86_64-linux-gnu/libnss_compat-2.21.so
7fb495697000-7fb495698000 rw-p 00008000 08:01 1218241                    /lib/x86_64-linux-gnu/libnss_compat-2.21.so
7fb495698000-7fb4956c1000 r-xp 00000000 08:01 624232                     /usr/lib/jvm/java-7-oracle/jre/lib/amd64/libjava.so
7fb4956c1000-7fb4958c1000 ---p 00029000 08:01 624232                     /usr/lib/jvm/java-7-oracle/jre/lib/amd64/libjava.so
7fb4958c1000-7fb4958c3000 rw-p 00029000 08:01 624232                     /usr/lib/jvm/java-7-oracle/jre/lib/amd64/libjava.so
7fb4958c3000-7fb4958d0000 r-xp 00000000 08:01 624257                     /usr/lib/jvm/java-7-oracle/jre/lib/amd64/libverify.so
7fb4958d0000-7fb495acf000 ---p 0000d000 08:01 624257                     /usr/lib/jvm/java-7-oracle/jre/lib/amd64/libverify.so
7fb495acf000-7fb495ad1000 rw-p 0000c000 08:01 624257                     /usr/lib/jvm/java-7-oracle/jre/lib/amd64/libverify.so
7fb495ad1000-7fb495ad8000 r-xp 00000000 08:01 1218237                    /lib/x86_64-linux-gnu/librt-2.21.so
7fb495ad8000-7fb495cd7000 ---p 00007000 08:01 1218237                    /lib/x86_64-linux-gnu/librt-2.21.so
7fb495cd7000-7fb495cd8000 r--p 00006000 08:01 1218237                    /lib/x86_64-linux-gnu/librt-2.21.so
7fb495cd8000-7fb495cd9000 rw-p 00007000 08:01 1218237                    /lib/x86_64-linux-gnu/librt-2.21.so
7fb495cd9000-7fb495de0000 r-xp 00000000 08:01 1218248                    /lib/x86_64-linux-gnu/libm-2.21.so
7fb495de0000-7fb495fdf000 ---p 00107000 08:01 1218248                    /lib/x86_64-linux-gnu/libm-2.21.so
7fb495fdf000-7fb495fe0000 r--p 00106000 08:01 1218248                    /lib/x86_64-linux-gnu/libm-2.21.so
7fb495fe0000-7fb495fe1000 rw-p 00107000 08:01 1218248                    /lib/x86_64-linux-gnu/libm-2.21.so
7fb495fe1000-7fb496b57000 r-xp 00000000 08:01 640582                     /usr/lib/jvm/java-7-oracle/jre/lib/amd64/server/libjvm.so
7fb496b57000-7fb496d56000 ---p 00b76000 08:01 640582                     /usr/lib/jvm/java-7-oracle/jre/lib/amd64/server/libjvm.so
7fb496d56000-7fb496e1a000 rw-p 00b75000 08:01 640582                     /usr/lib/jvm/java-7-oracle/jre/lib/amd64/server/libjvm.so
7fb496e1a000-7fb496e5b000 rw-p 00000000 00:00 0 
7fb496e5b000-7fb49701b000 r-xp 00000000 08:01 1220956                    /lib/x86_64-linux-gnu/libc-2.21.so
7fb49701b000-7fb49721b000 ---p 001c0000 08:01 1220956                    /lib/x86_64-linux-gnu/libc-2.21.so
7fb49721b000-7fb49721f000 r--p 001c0000 08:01 1220956                    /lib/x86_64-linux-gnu/libc-2.21.so
7fb49721f000-7fb497221000 rw-p 001c4000 08:01 1220956                    /lib/x86_64-linux-gnu/libc-2.21.so
7fb497221000-7fb497225000 rw-p 00000000 00:00 0 
7fb497225000-7fb497228000 r-xp 00000000 08:01 1218271                    /lib/x86_64-linux-gnu/libdl-2.21.so
7fb497228000-7fb497427000 ---p 00003000 08:01 1218271                    /lib/x86_64-linux-gnu/libdl-2.21.so
7fb497427000-7fb497428000 r--p 00002000 08:01 1218271                    /lib/x86_64-linux-gnu/libdl-2.21.so
7fb497428000-7fb497429000 rw-p 00003000 08:01 1218271                    /lib/x86_64-linux-gnu/libdl-2.21.so
7fb497429000-7fb49743e000 r-xp 00000000 08:01 804050                     /usr/lib/jvm/java-7-oracle/lib/amd64/jli/libjli.so
7fb49743e000-7fb49763d000 ---p 00015000 08:01 804050                     /usr/lib/jvm/java-7-oracle/lib/amd64/jli/libjli.so
7fb49763d000-7fb49763e000 rw-p 00014000 08:01 804050                     /usr/lib/jvm/java-7-oracle/lib/amd64/jli/libjli.so
7fb49763e000-7fb497656000 r-xp 00000000 08:01 1218268                    /lib/x86_64-linux-gnu/libpthread-2.21.so
7fb497656000-7fb497856000 ---p 00018000 08:01 1218268                    /lib/x86_64-linux-gnu/libpthread-2.21.so
7fb497856000-7fb497857000 r--p 00018000 08:01 1218268                    /lib/x86_64-linux-gnu/libpthread-2.21.so
7fb497857000-7fb497858000 rw-p 00019000 08:01 1218268                    /lib/x86_64-linux-gnu/libpthread-2.21.so
7fb497858000-7fb49785c000 rw-p 00000000 00:00 0 
7fb49785c000-7fb497880000 r-xp 00000000 08:01 1218282                    /lib/x86_64-linux-gnu/ld-2.21.so
7fb49788d000-7fb4978ae000 rw-p 00000000 00:00 0 
7fb4978ae000-7fb497963000 rw-p 00000000 00:00 0 
7fb497963000-7fb497966000 ---p 00000000 00:00 0 
7fb497966000-7fb497a68000 rw-p 00000000 00:00 0 
7fb497a72000-7fb497a73000 rw-p 00000000 00:00 0 
7fb497a73000-7fb497a7b000 rw-s 00000000 08:01 641930                     /tmp/hsperfdata_root/19876
7fb497a7b000-7fb497a7c000 rw-p 00000000 00:00 0 
7fb497a7c000-7fb497a7d000 ---p 00000000 00:00 0 
7fb497a7d000-7fb497a7f000 rw-p 00000000 00:00 0 
7fb497a7f000-7fb497a80000 r--p 00023000 08:01 1218282                    /lib/x86_64-linux-gnu/ld-2.21.so
7fb497a80000-7fb497a81000 rw-p 00024000 08:01 1218282                    /lib/x86_64-linux-gnu/ld-2.21.so
7fb497a81000-7fb497a82000 rw-p 00000000 00:00 0 
7ffd78591000-7ffd785b2000 rw-p 00000000 00:00 0                          [stack]
7ffd785d9000-7ffd785db000 r--p 00000000 00:00 0                          [vvar]
7ffd785db000-7ffd785dd000 r-xp 00000000 00:00 0                          [vdso]
ffffffffff600000-ffffffffff601000 r-xp 00000000 00:00 0                  [vsyscall]

VM Arguments:
jvm_args: -Djava.awt.headless=true -Xmx1024M -Dfile.encoding=UTF-8 -Duser.country=US -Duser.language=en -Duser.variant 
java_command: com.android.dx.command.Main --dex --force-jumbo --num-threads=4 --multi-dex --output /home/james/Desktop/tvdtutapp/app/build/intermediates/transforms/dex/debug/folders/1000/10/com.google.android.gms-play-services-ads-9.2.1_c460ef687073024f7058c2f8728492117d47a6f9 /home/james/Desktop/tvdtutapp/app/build/intermediates/exploded-aar/com.google.android.gms/play-services-ads/9.2.1/jars/classes.jar
Launcher Type: SUN_STANDARD

Environment Variables:
PATH=/usr/local/sbin:/usr/local/bin:/usr/sbin:/usr/bin:/sbin:/bin
USERNAME=root
LD_LIBRARY_PATH=.:
SHELL=/bin/bash
DISPLAY=:0

Signal Handlers:
SIGSEGV: [libjvm.so+0x9a3b20], sa_mask[0]=0x7ffbfeff, sa_flags=0x10000004
SIGBUS: [libjvm.so+0x9a3b20], sa_mask[0]=0x7ffbfeff, sa_flags=0x10000004
SIGFPE: [libjvm.so+0x81e740], sa_mask[0]=0x7ffbfeff, sa_flags=0x10000004
SIGPIPE: [libjvm.so+0x81e740], sa_mask[0]=0x7ffbfeff, sa_flags=0x10000004
SIGXFSZ: [libjvm.so+0x81e740], sa_mask[0]=0x7ffbfeff, sa_flags=0x10000004
SIGILL: [libjvm.so+0x81e740], sa_mask[0]=0x7ffbfeff, sa_flags=0x10000004
SIGUSR1: SIG_DFL, sa_mask[0]=0x00000000, sa_flags=0x00000000
SIGUSR2: [libjvm.so+0x81ffb0], sa_mask[0]=0x00000004, sa_flags=0x10000004
SIGHUP: [libjvm.so+0x8210d0], sa_mask[0]=0x7ffbfeff, sa_flags=0x10000004
SIGINT: [libjvm.so+0x8210d0], sa_mask[0]=0x7ffbfeff, sa_flags=0x10000004
SIGTERM: [libjvm.so+0x8210d0], sa_mask[0]=0x7ffbfeff, sa_flags=0x10000004
SIGQUIT: [libjvm.so+0x8210d0], sa_mask[0]=0x7ffbfeff, sa_flags=0x10000004


---------------  S Y S T E M  ---------------

OS:jessie/sid

uname:Linux 4.2.0-42-generic #49-Ubuntu SMP Tue Jun 28 21:26:26 UTC 2016 x86_64
libc:glibc 2.21 NPTL 2.21 
rlimit: STACK 8192k, CORE 0k, NPROC 14863, NOFILE 65536, AS infinity
load average:8,70 6,35 3,19

/proc/meminfo:
MemTotal:        3841772 kB
MemFree:          107424 kB
MemAvailable:      95504 kB
Buffers:            6108 kB
Cached:           223972 kB
SwapCached:            0 kB
Active:          3447308 kB
Inactive:         156740 kB
Active(anon):    3389744 kB
Inactive(anon):   105240 kB
Active(file):      57564 kB
Inactive(file):    51500 kB
Unevictable:          32 kB
Mlocked:              32 kB
SwapTotal:             0 kB
SwapFree:              0 kB
Dirty:               404 kB
Writeback:             0 kB
AnonPages:       3374068 kB
Mapped:           117180 kB
Shmem:            120940 kB
Slab:              62888 kB
SReclaimable:      36040 kB
SUnreclaim:        26848 kB
KernelStack:        7408 kB
PageTables:        29096 kB
NFS_Unstable:          0 kB
Bounce:                0 kB
WritebackTmp:          0 kB
CommitLimit:     1920884 kB
Committed_AS:    6880756 kB
VmallocTotal:   34359738367 kB
VmallocUsed:      412832 kB
VmallocChunk:   34358947836 kB
HardwareCorrupted:     0 kB
AnonHugePages:   2007040 kB
CmaTotal:              0 kB
CmaFree:               0 kB
HugePages_Total:       0
HugePages_Free:        0
HugePages_Rsvd:        0
HugePages_Surp:        0
Hugepagesize:       2048 kB
DirectMap4k:      112896 kB
DirectMap2M:     3874816 kB


CPU:total 2 (2 cores per cpu, 1 threads per core) family 6 model 37 stepping 5, cmov, cx8, fxsr, mmx, sse, sse2, sse3, ssse3, popcnt, tsc, tscinvbit

/proc/cpuinfo:
processor	: 0
vendor_id	: GenuineIntel
cpu family	: 6
model		: 37
model name	: Intel(R) Pentium(R) CPU        P6100  @ 2.00GHz
stepping	: 5
microcode	: 0x2
cpu MHz		: 1999.000
cache size	: 3072 KB
physical id	: 0
siblings	: 2
core id		: 0
cpu cores	: 2
apicid		: 0
initial apicid	: 0
fpu		: yes
fpu_exception	: yes
cpuid level	: 11
wp		: yes
flags		: fpu vme de pse tsc msr pae mce cx8 apic sep mtrr pge mca cmov pat pse36 clflush dts acpi mmx fxsr sse sse2 ss ht tm pbe syscall nx rdtscp lm constant_tsc arch_perfmon pebs bts rep_good nopl xtopology nonstop_tsc aperfmperf pni dtes64 monitor ds_cpl est tm2 ssse3 cx16 xtpr pdcm pcid popcnt lahf_lm arat dtherm
bugs		:
bogomips	: 3999.68
clflush size	: 64
cache_alignment	: 64
address sizes	: 36 bits physical, 48 bits virtual
power management:

processor	: 1
vendor_id	: GenuineIntel
cpu family	: 6
model		: 37
model name	: Intel(R) Pentium(R) CPU        P6100  @ 2.00GHz
stepping	: 5
microcode	: 0x2
cpu MHz		: 1999.000
cache size	: 3072 KB
physical id	: 0
siblings	: 2
core id		: 2
cpu cores	: 2
apicid		: 4
initial apicid	: 4
fpu		: yes
fpu_exception	: yes
cpuid level	: 11
wp		: yes
flags		: fpu vme de pse tsc msr pae mce cx8 apic sep mtrr pge mca cmov pat pse36 clflush dts acpi mmx fxsr sse sse2 ss ht tm pbe syscall nx rdtscp lm constant_tsc arch_perfmon pebs bts rep_good nopl xtopology nonstop_tsc aperfmperf pni dtes64 monitor ds_cpl est tm2 ssse3 cx16 xtpr pdcm pcid popcnt lahf_lm arat dtherm
bugs		:
bogomips	: 3999.68
clflush size	: 64
cache_alignment	: 64
address sizes	: 36 bits physical, 48 bits virtual
power management:



Memory: 4k page, physical 3841772k(107624k free), swap 0k(0k free)

vm_info: Java HotSpot(TM) 64-Bit Server VM (24.80-b11) for linux-amd64 JRE (1.7.0_80-b15), built on Apr 10 2015 19:53:14 by "java_re" with gcc 4.3.0 20080428 (Red Hat 4.3.0-8)

time: Sat Aug  6 18:36:34 2016
elapsed time: 46 seconds

